<?xml version="1.0" encoding="UTF-8"?>
<testng-results skipped="0" failed="1" ignored="0" total="1" passed="0">
  <reporter-output>
    <line>
      <![CDATA[Enter your username or mobile no]]>
    </line>
    <line>
      <![CDATA[Enter your password ]]>
    </line>
    <line>
      <![CDATA[user emailid : devi.sharmila37@gmail.com]]>
    </line>
    <line>
      <![CDATA[User pwd :08514234539]]>
    </line>
    <line>
      <![CDATA[Enter valid username/pwd]]>
    </line>
    <line>
      <![CDATA[close test  :testcomposeMail  status  :2]]>
    </line>
    <line>
      <![CDATA[imgpath  :./phototestcomposeMailFri Mar 23 19-29-41 IST 2018.png]]>
    </line>
  </reporter-output>
  <suite name="Default suite" duration-ms="16568" started-at="2018-03-23T13:59:25Z" finished-at="2018-03-23T13:59:42Z">
    <groups>
    </groups>
    <test name="Default test" duration-ms="16568" started-at="2018-03-23T13:59:25Z" finished-at="2018-03-23T13:59:42Z">
      <class name="script.ComposeMail">
        <test-method status="PASS" signature="setProperty()[pri:0, instance:script.ComposeMail@5bcea91b]" name="setProperty" is-config="true" duration-ms="36379" started-at="2018-03-23T19:28:49Z" finished-at="2018-03-23T19:29:25Z">
          <reporter-output>
            <line>
              <![CDATA[Enter your username or mobile no]]>
            </line>
            <line>
              <![CDATA[Enter your password ]]>
            </line>
          </reporter-output>
        </test-method> <!-- setProperty -->
        <test-method status="PASS" signature="openApplication()[pri:0, instance:script.ComposeMail@5bcea91b]" name="openApplication" is-config="true" duration-ms="5042" started-at="2018-03-23T19:29:25Z" finished-at="2018-03-23T19:29:31Z">
          <reporter-output>
          </reporter-output>
        </test-method> <!-- openApplication -->
        <test-method status="FAIL" signature="testcomposeMail()[pri:1, instance:script.ComposeMail@5bcea91b]" name="testcomposeMail" duration-ms="10395" started-at="2018-03-23T19:29:31Z" finished-at="2018-03-23T19:29:41Z">
          <exception class="org.openqa.selenium.NoSuchElementException">
            <message>
              <![CDATA[no such element: Unable to locate element: {"method":"xpath","selector":"//a[@aria-label='Google apps']"}  (Session info: chrome=65.0.3325.181)  (Driver info: chromedriver=2.33.506120 (e3e53437346286c0bc2d2dc9aa4915ba81d9023f),platform=Windows NT 6.2.9200 x86_64) (WARNING: The server did not provide any stacktrace information)Command duration or timeout: 0 millisecondsFor documentation on this error, please visit: http://seleniumhq.org/exceptions/no_such_element.htmlBuild info: version: '3.8.1', revision: '6e95a6684b', time: '2017-12-01T19:05:32.194Z'System info: host: 'VRRNKSD', ip: '192.168.223.1', os.name: 'Windows 8', os.arch: 'amd64', os.version: '6.2', java.version: '1.8.0_131'Driver info: org.openqa.selenium.chrome.ChromeDriverCapabilities {acceptSslCerts: true, applicationCacheEnabled: false, browserConnectionEnabled: false, browserName: chrome, chrome: {chromedriverVersion: 2.33.506120 (e3e53437346286..., userDataDir: C:\Users\vrrnk_pc\AppData\L...}, cssSelectorsEnabled: true, databaseEnabled: false, handlesAlerts: true, hasTouchScreen: false, javascriptEnabled: true, locationContextEnabled: true, mobileEmulationEnabled: false, nativeEvents: true, networkConnectionEnabled: false, pageLoadStrategy: normal, platform: XP, platformName: XP, rotatable: false, setWindowRect: true, takesHeapSnapshot: true, takesScreenshot: true, unexpectedAlertBehaviour: , unhandledPromptBehavior: , version: 65.0.3325.181, webStorageEnabled: true}Session ID: 391470ac2890f17bf88f0d7346cc9d15*** Element info: {Using=xpath, value=//a[@aria-label='Google apps']}]]>
            </message>
            <full-stacktrace>
              <![CDATA[org.openqa.selenium.NoSuchElementException: no such element: Unable to locate element: {"method":"xpath","selector":"//a[@aria-label='Google apps']"}  (Session info: chrome=65.0.3325.181)  (Driver info: chromedriver=2.33.506120 (e3e53437346286c0bc2d2dc9aa4915ba81d9023f),platform=Windows NT 6.2.9200 x86_64) (WARNING: The server did not provide any stacktrace information)Command duration or timeout: 0 millisecondsFor documentation on this error, please visit: http://seleniumhq.org/exceptions/no_such_element.htmlBuild info: version: '3.8.1', revision: '6e95a6684b', time: '2017-12-01T19:05:32.194Z'System info: host: 'VRRNKSD', ip: '192.168.223.1', os.name: 'Windows 8', os.arch: 'amd64', os.version: '6.2', java.version: '1.8.0_131'Driver info: org.openqa.selenium.chrome.ChromeDriverCapabilities {acceptSslCerts: true, applicationCacheEnabled: false, browserConnectionEnabled: false, browserName: chrome, chrome: {chromedriverVersion: 2.33.506120 (e3e53437346286..., userDataDir: C:\Users\vrrnk_pc\AppData\L...}, cssSelectorsEnabled: true, databaseEnabled: false, handlesAlerts: true, hasTouchScreen: false, javascriptEnabled: true, locationContextEnabled: true, mobileEmulationEnabled: false, nativeEvents: true, networkConnectionEnabled: false, pageLoadStrategy: normal, platform: XP, platformName: XP, rotatable: false, setWindowRect: true, takesHeapSnapshot: true, takesScreenshot: true, unexpectedAlertBehaviour: , unhandledPromptBehavior: , version: 65.0.3325.181, webStorageEnabled: true}Session ID: 391470ac2890f17bf88f0d7346cc9d15*** Element info: {Using=xpath, value=//a[@aria-label='Google apps']}at sun.reflect.NativeConstructorAccessorImpl.newInstance0(Native Method)at sun.reflect.NativeConstructorAccessorImpl.newInstance(NativeConstructorAccessorImpl.java:62)at sun.reflect.DelegatingConstructorAccessorImpl.newInstance(DelegatingConstructorAccessorImpl.java:45)at java.lang.reflect.Constructor.newInstance(Constructor.java:423)at org.openqa.selenium.remote.ErrorHandler.createThrowable(ErrorHandler.java:214)at org.openqa.selenium.remote.ErrorHandler.throwIfResponseFailed(ErrorHandler.java:166)at org.openqa.selenium.remote.http.JsonHttpResponseCodec.reconstructValue(JsonHttpResponseCodec.java:40)at org.openqa.selenium.remote.http.AbstractHttpResponseCodec.decode(AbstractHttpResponseCodec.java:80)at org.openqa.selenium.remote.http.AbstractHttpResponseCodec.decode(AbstractHttpResponseCodec.java:44)at org.openqa.selenium.remote.HttpCommandExecutor.execute(HttpCommandExecutor.java:164)at org.openqa.selenium.remote.service.DriverCommandExecutor.execute(DriverCommandExecutor.java:83)at org.openqa.selenium.remote.RemoteWebDriver.execute(RemoteWebDriver.java:601)at org.openqa.selenium.remote.RemoteWebDriver.findElement(RemoteWebDriver.java:371)at org.openqa.selenium.remote.RemoteWebDriver.findElementByXPath(RemoteWebDriver.java:473)at org.openqa.selenium.By$ByXPath.findElement(By.java:361)at org.openqa.selenium.remote.RemoteWebDriver.findElement(RemoteWebDriver.java:363)at org.openqa.selenium.support.pagefactory.DefaultElementLocator.findElement(DefaultElementLocator.java:69)at org.openqa.selenium.support.pagefactory.internal.LocatingElementHandler.invoke(LocatingElementHandler.java:38)at com.sun.proxy.$Proxy10.click(Unknown Source)at page.InboxPage.clickHamburgerMenu(InboxPage.java:56)at script.ComposeMail.testcomposeMail(ComposeMail.java:46)at sun.reflect.NativeMethodAccessorImpl.invoke0(Native Method)at sun.reflect.NativeMethodAccessorImpl.invoke(NativeMethodAccessorImpl.java:62)at sun.reflect.DelegatingMethodAccessorImpl.invoke(DelegatingMethodAccessorImpl.java:43)at java.lang.reflect.Method.invoke(Method.java:498)at org.testng.internal.MethodInvocationHelper.invokeMethod(MethodInvocationHelper.java:124)at org.testng.internal.Invoker.invokeMethod(Invoker.java:571)at org.testng.internal.Invoker.invokeTestMethod(Invoker.java:707)at org.testng.internal.Invoker.invokeTestMethods(Invoker.java:979)at org.testng.internal.TestMethodWorker.invokeTestMethods(TestMethodWorker.java:125)at org.testng.internal.TestMethodWorker.run(TestMethodWorker.java:109)at org.testng.TestRunner.privateRun(TestRunner.java:648)at org.testng.TestRunner.run(TestRunner.java:505)at org.testng.SuiteRunner.runTest(SuiteRunner.java:455)at org.testng.SuiteRunner.runSequentially(SuiteRunner.java:450)at org.testng.SuiteRunner.privateRun(SuiteRunner.java:415)at org.testng.SuiteRunner.run(SuiteRunner.java:364)at org.testng.SuiteRunnerWorker.runSuite(SuiteRunnerWorker.java:52)at org.testng.SuiteRunnerWorker.run(SuiteRunnerWorker.java:84)at org.testng.TestNG.runSuitesSequentially(TestNG.java:1187)at org.testng.TestNG.runSuitesLocally(TestNG.java:1116)at org.testng.TestNG.runSuites(TestNG.java:1028)at org.testng.TestNG.run(TestNG.java:996)at org.testng.remote.AbstractRemoteTestNG.run(AbstractRemoteTestNG.java:114)at org.testng.remote.RemoteTestNG.initAndRun(RemoteTestNG.java:251)at org.testng.remote.RemoteTestNG.main(RemoteTestNG.java:77)]]>
            </full-stacktrace>
          </exception> <!-- org.openqa.selenium.NoSuchElementException -->
          <reporter-output>
            <line>
              <![CDATA[user emailid : devi.sharmila37@gmail.com]]>
            </line>
            <line>
              <![CDATA[User pwd :08514234539]]>
            </line>
            <line>
              <![CDATA[Enter valid username/pwd]]>
            </line>
          </reporter-output>
        </test-method> <!-- testcomposeMail -->
        <test-method status="PASS" signature="closeAppication(org.testng.ITestResult)[pri:0, instance:script.ComposeMail@5bcea91b]" name="closeAppication" is-config="true" duration-ms="1099" started-at="2018-03-23T19:29:41Z" finished-at="2018-03-23T19:29:42Z">
          <params>
            <param index="0">
              <value>
                <![CDATA[[TestResult name=testcomposeMail status=FAILURE method=ComposeMail.testcomposeMail()[pri:1, instance:script.ComposeMail@5bcea91b] output=user emailid : devi.sharmila37@gmail.com]]]>
              </value>
            </param>
          </params>
          <reporter-output>
            <line>
              <![CDATA[close test  :testcomposeMail  status  :2]]>
            </line>
            <line>
              <![CDATA[imgpath  :./phototestcomposeMailFri Mar 23 19-29-41 IST 2018.png]]>
            </line>
          </reporter-output>
        </test-method> <!-- closeAppication -->
      </class> <!-- script.ComposeMail -->
    </test> <!-- Default test -->
  </suite> <!-- Default suite -->
</testng-results>
